<?xml version="1.0" encoding="UTF-8"?>
<!-- Generated by org.testng.reporters.JUnitXMLReporter -->
<testsuite ignored="0" hostname="LAPTOP-E1QE7JE5" failures="1" tests="1" name="Default test(failed)" time="53.427" errors="0" timestamp="2023-08-09T22:39:39 IST">
  <testcase classname="TestCases.FailedTest" name="verifyTitleTest" time="1.08">
    <failure type="java.lang.AssertionError" message="expected [Rediff.com] but found [1Rediff.com]">
      <![CDATA[java.lang.AssertionError: expected [Rediff.com] but found [1Rediff.com]
at TestCases.FailedTest.verifyTitleTest(FailedTest.java:34)
at java.base/java.util.ArrayList.forEach(ArrayList.java:1541)
... Removed 33 stack frames]]>
    </failure>
  </testcase> <!-- verifyTitleTest -->
</testsuite> <!-- Default test(failed) -->
