<?xml version="1.0" encoding="UTF-8"?>
<!-- Generated by org.testng.reporters.JUnitXMLReporter -->
<testsuite ignored="0" hostname="LAPTOP-E1QE7JE5" failures="0" tests="4" name="Default test" time="48.907" errors="0" timestamp="2023-08-17T18:08:30 IST">
  <testcase classname="TestCases.SignupPageTest" name="fillDetailsTest" time="4.41"/>
  <testcase classname="TestCases.SignupPageTest" name="verifyCaptchaTest" time="0.142"/>
  <testcase classname="TestCases.SignupPageTest" name="verifyLogoTest" time="0.085"/>
  <testcase classname="TestCases.SignupPageTest" name="verifyTitleTest" time="0.066"/>
</testsuite> <!-- Default test -->
