<?xml version="1.0" encoding="UTF-8"?>
<!-- Generated by org.testng.reporters.JUnitXMLReporter -->
<testsuite ignored="0" hostname="LAPTOP-E1QE7JE5" failures="0" tests="3" name="Test" time="153.208" errors="0" timestamp="2023-08-11T01:06:40 IST">
  <testcase classname="TestCases.ParallelTest" name="fbTest" time="126.215"/>
  <testcase classname="TestCases.ParallelTest" name="flipkartTest" time="142.123"/>
  <testcase classname="TestCases.ParallelTest" name="amazonTest" time="152.982"/>
</testsuite> <!-- Test -->
