<?xml version="1.0" encoding="UTF-8"?>
<testng-results ignored="0" total="4" passed="4" failed="0" skipped="0">
  <reporter-output>
  </reporter-output>
  <suite started-at="2023-08-17T18:07:41 IST" name="Default suite" finished-at="2023-08-17T18:08:30 IST" duration-ms="48907">
    <groups>
    </groups>
    <test started-at="2023-08-17T18:07:41 IST" name="Default test" finished-at="2023-08-17T18:08:30 IST" duration-ms="48907">
      <class name="TestCases.SignupPageTest">
        <test-method is-config="true" signature="setup()[pri:0, instance:TestCases.SignupPageTest@7205765b]" started-at="2023-08-17T18:07:41 IST" name="setup" finished-at="2023-08-17T18:08:02 IST" duration-ms="21219" status="PASS">
          <reporter-output>
          </reporter-output>
        </test-method> <!-- setup -->
        <test-method signature="fillDetailsTest()[pri:0, instance:TestCases.SignupPageTest@7205765b]" started-at="2023-08-17T18:08:02 IST" name="fillDetailsTest" finished-at="2023-08-17T18:08:06 IST" duration-ms="4410" status="PASS">
          <reporter-output>
          </reporter-output>
        </test-method> <!-- fillDetailsTest -->
        <test-method is-config="true" signature="exit()[pri:0, instance:TestCases.SignupPageTest@7205765b]" started-at="2023-08-17T18:08:06 IST" name="exit" finished-at="2023-08-17T18:08:08 IST" duration-ms="1223" status="PASS">
          <reporter-output>
          </reporter-output>
        </test-method> <!-- exit -->
        <test-method is-config="true" signature="setup()[pri:0, instance:TestCases.SignupPageTest@7205765b]" started-at="2023-08-17T18:08:08 IST" name="setup" finished-at="2023-08-17T18:08:14 IST" duration-ms="6487" status="PASS">
          <reporter-output>
          </reporter-output>
        </test-method> <!-- setup -->
        <test-method signature="verifyCaptchaTest()[pri:0, instance:TestCases.SignupPageTest@7205765b]" started-at="2023-08-17T18:08:14 IST" name="verifyCaptchaTest" finished-at="2023-08-17T18:08:14 IST" duration-ms="142" status="PASS">
          <reporter-output>
          </reporter-output>
        </test-method> <!-- verifyCaptchaTest -->
        <test-method is-config="true" signature="exit()[pri:0, instance:TestCases.SignupPageTest@7205765b]" started-at="2023-08-17T18:08:14 IST" name="exit" finished-at="2023-08-17T18:08:15 IST" duration-ms="924" status="PASS">
          <reporter-output>
          </reporter-output>
        </test-method> <!-- exit -->
        <test-method is-config="true" signature="setup()[pri:0, instance:TestCases.SignupPageTest@7205765b]" started-at="2023-08-17T18:08:15 IST" name="setup" finished-at="2023-08-17T18:08:21 IST" duration-ms="5981" status="PASS">
          <reporter-output>
          </reporter-output>
        </test-method> <!-- setup -->
        <test-method signature="verifyLogoTest()[pri:0, instance:TestCases.SignupPageTest@7205765b]" started-at="2023-08-17T18:08:21 IST" name="verifyLogoTest" finished-at="2023-08-17T18:08:21 IST" duration-ms="85" status="PASS">
          <reporter-output>
          </reporter-output>
        </test-method> <!-- verifyLogoTest -->
        <test-method is-config="true" signature="exit()[pri:0, instance:TestCases.SignupPageTest@7205765b]" started-at="2023-08-17T18:08:21 IST" name="exit" finished-at="2023-08-17T18:08:22 IST" duration-ms="821" status="PASS">
          <reporter-output>
          </reporter-output>
        </test-method> <!-- exit -->
        <test-method is-config="true" signature="setup()[pri:0, instance:TestCases.SignupPageTest@7205765b]" started-at="2023-08-17T18:08:22 IST" name="setup" finished-at="2023-08-17T18:08:29 IST" duration-ms="6575" status="PASS">
          <reporter-output>
          </reporter-output>
        </test-method> <!-- setup -->
        <test-method signature="verifyTitleTest()[pri:0, instance:TestCases.SignupPageTest@7205765b]" started-at="2023-08-17T18:08:29 IST" name="verifyTitleTest" finished-at="2023-08-17T18:08:29 IST" duration-ms="66" status="PASS">
          <reporter-output>
          </reporter-output>
        </test-method> <!-- verifyTitleTest -->
        <test-method is-config="true" signature="exit()[pri:0, instance:TestCases.SignupPageTest@7205765b]" started-at="2023-08-17T18:08:29 IST" name="exit" finished-at="2023-08-17T18:08:30 IST" duration-ms="862" status="PASS">
          <reporter-output>
          </reporter-output>
        </test-method> <!-- exit -->
      </class> <!-- TestCases.SignupPageTest -->
    </test> <!-- Default test -->
  </suite> <!-- Default suite -->
</testng-results>
