<?xml version="1.0" encoding="UTF-8"?>
<testng-results ignored="0" total="3" passed="3" failed="0" skipped="0">
  <reporter-output>
  </reporter-output>
  <suite started-at="2023-08-11T01:04:03 IST" name="Suite" finished-at="2023-08-11T01:06:36 IST" duration-ms="153208">
    <groups>
    </groups>
    <test started-at="2023-08-11T01:04:03 IST" name="Test" finished-at="2023-08-11T01:06:36 IST" duration-ms="153208">
      <class name="TestCases.ParallelTest">
        <test-method signature="flipkartTest()[pri:0, instance:TestCases.ParallelTest@5fbdfdcf]" started-at="2023-08-11T01:04:03 IST" name="flipkartTest" finished-at="2023-08-11T01:06:25 IST" duration-ms="142123" status="PASS">
          <reporter-output>
          </reporter-output>
        </test-method> <!-- flipkartTest -->
        <test-method signature="fbTest()[pri:0, instance:TestCases.ParallelTest@5fbdfdcf]" started-at="2023-08-11T01:04:03 IST" name="fbTest" finished-at="2023-08-11T01:06:09 IST" duration-ms="126215" status="PASS">
          <reporter-output>
          </reporter-output>
        </test-method> <!-- fbTest -->
        <test-method signature="amazonTest()[pri:0, instance:TestCases.ParallelTest@5fbdfdcf]" started-at="2023-08-11T01:04:03 IST" name="amazonTest" finished-at="2023-08-11T01:06:36 IST" duration-ms="152982" status="PASS">
          <reporter-output>
          </reporter-output>
        </test-method> <!-- amazonTest -->
      </class> <!-- TestCases.ParallelTest -->
    </test> <!-- Test -->
  </suite> <!-- Suite -->
</testng-results>
